<?xml version="1.0" encoding="UTF-8"?>
<!-- Generated by org.testng.reporters.JUnitXMLReporter -->
<testsuite ignored="4" hostname="PW072290" failures="0" tests="3" name="Surefire test" time="8.658" errors="0" timestamp="21 Mar 2024 10:58:51 GMT">
  <testcase classname="AddNewPetTest" name="checkPositivePosSimplePet" time="3.598"/>
  <testcase classname="AddNewPetTest" name="checkPositivePostFullPet" time="1.665"/>
  <testcase classname="CheckExistingPetTest" name="checkExistingSimplePet" time="3.324"/>
  <testcase classname="BaseTest" name="@AfterSuite TearDownSuite" time="0.0">
    <ignored/>
  </testcase> <!-- @AfterSuite TearDownSuite -->
  <testcase classname="BaseTest" name="@AfterSuite TearDownSuite" time="0.0">
    <ignored/>
  </testcase> <!-- @AfterSuite TearDownSuite -->
  <testcase classname="BaseTest" name="@BeforeSuite SetUpSuite" time="0.0">
    <ignored/>
  </testcase> <!-- @BeforeSuite SetUpSuite -->
  <testcase classname="BaseTest" name="@BeforeSuite SetUpSuite" time="0.0">
    <ignored/>
  </testcase> <!-- @BeforeSuite SetUpSuite -->
</testsuite> <!-- Surefire test -->
