<?xml version="1.0" encoding="UTF-8"?>
<testng-results ignored="4" total="7" passed="3" failed="0" skipped="0">
  <reporter-output>
  </reporter-output>
  <suite started-at="2024-03-21T10:58:42Z" name="Surefire suite" finished-at="2024-03-21T10:58:51Z" duration-ms="8658">
    <groups>
    </groups>
    <test started-at="2024-03-21T10:58:42Z" name="Surefire test" finished-at="2024-03-21T10:58:51Z" duration-ms="8658">
      <class name="AddNewPetTest">
        <test-method is-config="true" signature="SetUpSuite()[pri:0, instance:AddNewPetTest@1df8da7a]" started-at="2024-03-21T17:58:42Z" name="SetUpSuite" description="Configure URI and create default Pet object" finished-at="2024-03-21T17:58:42Z" duration-ms="411" status="PASS">
          <reporter-output>
          </reporter-output>
        </test-method> <!-- SetUpSuite -->
        <test-method signature="checkPositivePosSimplePet()[pri:0, instance:AddNewPetTest@1df8da7a]" started-at="2024-03-21T17:58:42Z" name="checkPositivePosSimplePet" description="Validation adding default pet to store" finished-at="2024-03-21T17:58:46Z" duration-ms="3598" status="PASS">
          <reporter-output>
          </reporter-output>
        </test-method> <!-- checkPositivePosSimplePet -->
        <test-method signature="checkPositivePostFullPet()[pri:0, instance:AddNewPetTest@1df8da7a]" started-at="2024-03-21T17:58:46Z" name="checkPositivePostFullPet" description="Validation adding pet with all fields" finished-at="2024-03-21T17:58:48Z" duration-ms="1665" status="PASS">
          <reporter-output>
          </reporter-output>
        </test-method> <!-- checkPositivePostFullPet -->
        <test-method is-config="true" signature="TearDownSuite()[pri:0, instance:AddNewPetTest@1df8da7a]" started-at="2024-03-21T17:58:51Z" name="TearDownSuite" finished-at="2024-03-21T17:58:51Z" duration-ms="2" status="PASS">
          <reporter-output>
          </reporter-output>
        </test-method> <!-- TearDownSuite -->
      </class> <!-- AddNewPetTest -->
      <class name="CheckExistingPetTest">
        <test-method signature="checkExistingSimplePet()[pri:0, instance:CheckExistingPetTest@23941fb4]" started-at="2024-03-21T17:58:48Z" name="checkExistingSimplePet" description="check all fileds for existing simple default pet" finished-at="2024-03-21T17:58:51Z" duration-ms="3324" status="PASS">
          <reporter-output>
          </reporter-output>
        </test-method> <!-- checkExistingSimplePet -->
      </class> <!-- CheckExistingPetTest -->
    </test> <!-- Surefire test -->
  </suite> <!-- Surefire suite -->
</testng-results>
